#Legend: 
# name1	name2	score	z-score	rmsd	len1	len2	sim1	sim2	 
4hhb.C	4hhb.D	309.61	6.47	1.41	141	146	99	95	0.43	null	
4hhb:0	4hhb:1	366.29	6.47	1.49	141	146	99	95	0.43	null	
1cdg.A	1tim.B	512.44	5.04	4.66	686	247	24	67	0.09	null	
1hiv.A	1a4w.H	229.12	2.58	4.14	100	249	69	28	0.10	null	
1RLW	1BYN	134.17	5.86	2.01	126	128	83	81	0.22	null	
2sim	1nsb	571.50	5.86	2.99	381	780	72	35	0.10	null	
1CEW	1mol	127.71	3.70	3.05	108	188	74	43	0.04	null	
1TEN	3HHR	133.27	4.58	1.87	89	573	98	15	0.18	null	
4hhb:(A:10-40,B:10-40)	4hhb:(C:10-40,D:10-40)	170.65	5.33	0.27	62	62	100	100	1.00	null	
# algorithm:jFatCat_rigid
#Legend: 
# name1	name2	score	probability	rmsd	len1	len2	cov1	cov2	%ID	Description	 
4hhb.C	4hhb.D	374.29	0.00e+00	1.41	141	146	99	95	0.41	null	
4hhb:0	4hhb:1	364.84	0.00e+00	1.49	141	146	99	95	0.41	null	
1cdg.A	1tim.B	186.62	1.15e-01	3.92	686	247	21	58	0.05	null	
1hiv.A	1a4w.H	57.44	7.75e-01	6.93	100	249	54	22	0.07	null	
1RLW	1BYN	212.35	1.04e-07	3.09	126	128	87	86	0.20	null	
2sim	1nsb	380.95	2.33e-04	3.07	381	780	75	37	0.07	null	
1CEW	1mol	170.07	5.14e-05	2.44	108	188	77	44	0.12	null	
1TEN	3HHR	162.93	2.67e-02	1.90	89	573	98	15	0.15	null	
4hhb:(A:10-40,B:10-40)	4hhb:(C:10-40,D:10-40)	167.54	0.00e+00	0.27	62	62	100	100	1.00	null	
# algorithm:jFatCat_rigid
#Legend: 
# name1	name2	score	probability	rmsd	len1	len2	cov1	cov2	%ID	Description	 
4hhb.C	4hhb.D	374.29	0.00e+00	1.41	141	146	99	95	0.41	null	
4hhb:0	4hhb:1	364.84	0.00e+00	1.49	141	146	99	95	0.41	null	
1cdg.A	1tim.B	186.62	1.15e-01	3.92	686	247	21	58	0.05	null	
1hiv.A	1a4w.H	57.44	7.75e-01	6.93	100	249	54	22	0.07	null	
1RLW	1BYN	212.35	1.04e-07	3.09	126	128	87	86	0.20	null	
2sim	1nsb	380.95	2.33e-04	3.07	381	780	75	37	0.07	null	
1CEW	1mol	170.07	5.14e-05	2.44	108	188	77	44	0.12	null	
1TEN	3HHR	162.93	2.67e-02	1.90	89	573	98	15	0.15	null	
4hhb:(A:10-40,B:10-40)	4hhb:(C:10-40,D:10-40)	167.54	0.00e+00	0.27	62	62	100	100	1.00	null	
